05-25-2018 @ 00:42:16 - 
====Stripe Version: 4.1.4====
====Start Log====
Keys are not set correctly.
====End Log====


05-25-2018 @ 00:42:47 - 
====Stripe Version: 4.1.4====
====Start Log====
Keys are not set correctly.
====End Log====


05-25-2018 @ 00:44:03 - 
====Stripe Version: 4.1.4====
====Start Log====
Keys are not set correctly.
====End Log====


05-25-2018 @ 00:46:38 - 
====Stripe Version: 4.1.4====
====Start Log====
Keys are not set correctly.
====End Log====


05-25-2018 @ 00:48:02 - 
====Stripe Version: 4.1.4====
====Start Log====
Keys are not set correctly.
====End Log====


05-25-2018 @ 00:48:26 - 
====Stripe Version: 4.1.4====
====Start Log====
Keys are not set correctly.
====End Log====


05-25-2018 @ 00:49:35 - 
====Stripe Version: 4.1.4====
====Start Log====
Keys are not set correctly.
====End Log====


05-25-2018 @ 00:50:07 - 
====Stripe Version: 4.1.4====
====Start Log====
Keys are not set correctly.
====End Log====


05-25-2018 @ 01:04:45 - 
====Stripe Version: 4.1.4====
====Start Log====
Keys are not set correctly.
====End Log====


05-25-2018 @ 02:49:19 - 
====Stripe Version: 4.1.4====
====Start Log====
Keys are not set correctly.
====End Log====


